Flow report for Flappybirds_Top
Wed May 10 14:34:49 2023
Quartus Prime Version 18.1.0 Build 625 09/12/2018 SJ Standard Edition


---------------------
; Table of Contents ;
---------------------
  1. Legal Notice
  2. Flow Summary
  3. Flow Settings
  4. Flow Non-Default Global Settings
  5. Flow Elapsed Time
  6. Flow OS Summary
  7. Flow Log
  8. Flow Messages
  9. Flow Suppressed Messages



----------------
; Legal Notice ;
----------------
Copyright (C) 2018  Intel Corporation. All rights reserved.
Your use of Intel Corporation's design tools, logic functions 
and other software and tools, and its AMPP partner logic 
functions, and any output files from any of the foregoing 
(including device programming or simulation files), and any 
associated documentation or information are expressly subject 
to the terms and conditions of the Intel Program License 
Subscription Agreement, the Intel Quartus Prime License Agreement,
the Intel FPGA IP License Agreement, or other applicable license
agreement, including, without limitation, that your use is for
the sole purpose of programming logic devices manufactured by
Intel and sold by Intel or its authorized distributors.  Please
refer to the applicable agreement for further details.



+-----------------------------------------------------------------------------------+
; Flow Summary                                                                      ;
+---------------------------------+-------------------------------------------------+
; Flow Status                     ; Successful - Wed May 10 14:34:49 2023           ;
; Quartus Prime Version           ; 18.1.0 Build 625 09/12/2018 SJ Standard Edition ;
; Revision Name                   ; Flappybirds_Top                                 ;
; Top-level Entity Name           ; bouncyBall                                      ;
; Family                          ; Cyclone V                                       ;
; Device                          ; 5CEBA4F23C7                                     ;
; Timing Models                   ; Final                                           ;
; Logic utilization (in ALMs)     ; 49 / 18,480 ( < 1 % )                           ;
; Total registers                 ; 73                                              ;
; Total pins                      ; 8 / 224 ( 4 % )                                 ;
; Total virtual pins              ; 0                                               ;
; Total block memory bits         ; 0 / 3,153,920 ( 0 % )                           ;
; Total DSP Blocks                ; 0 / 66 ( 0 % )                                  ;
; Total HSSI RX PCSs              ; 0                                               ;
; Total HSSI PMA RX Deserializers ; 0                                               ;
; Total HSSI TX PCSs              ; 0                                               ;
; Total HSSI PMA TX Serializers   ; 0                                               ;
; Total PLLs                      ; 1 / 4 ( 25 % )                                  ;
; Total DLLs                      ; 0 / 4 ( 0 % )                                   ;
+---------------------------------+-------------------------------------------------+


+-----------------------------------------+
; Flow Settings                           ;
+-------------------+---------------------+
; Option            ; Setting             ;
+-------------------+---------------------+
; Start date & time ; 05/10/2023 14:34:07 ;
; Main task         ; Compilation         ;
; Revision Name     ; Flappybirds_Top     ;
+-------------------+---------------------+


+------------------------------------------------------------------------------------------------------------------------------+
; Flow Non-Default Global Settings                                                                                             ;
+-------------------------------------+----------------------------------------+-----------------+----------------+------------+
; Assignment Name                     ; Value                                  ; Default Value   ; Entity Name    ; Section Id ;
+-------------------------------------+----------------------------------------+-----------------+----------------+------------+
; COMPILER_SIGNATURE_ID               ; 251053328745369.168368604702640        ; --              ; --             ; --         ;
; MISC_FILE                           ; pll.cmp                                ; --              ; --             ; --         ;
; MISC_FILE                           ; pll_sim/pll.vho                        ; --              ; --             ; --         ;
; PARTITION_COLOR                     ; -- (Not supported for targeted family) ; --              ; DE0_CV_Default ; Top        ;
; PARTITION_COLOR                     ; -- (Not supported for targeted family) ; --              ; bouncyBall     ; Top        ;
; PARTITION_FITTER_PRESERVATION_LEVEL ; -- (Not supported for targeted family) ; --              ; DE0_CV_Default ; Top        ;
; PARTITION_FITTER_PRESERVATION_LEVEL ; -- (Not supported for targeted family) ; --              ; bouncyBall     ; Top        ;
; PARTITION_NETLIST_TYPE              ; -- (Not supported for targeted family) ; --              ; DE0_CV_Default ; Top        ;
; PARTITION_NETLIST_TYPE              ; -- (Not supported for targeted family) ; --              ; bouncyBall     ; Top        ;
; PROJECT_OUTPUT_DIRECTORY            ; output_files                           ; --              ; --             ; --         ;
; SPD_FILE                            ; pll.spd                                ; --              ; --             ; --         ;
; SYNTHESIS_ONLY_QIP                  ; On                                     ; --              ; --             ; --         ;
; TOP_LEVEL_ENTITY                    ; bouncyBall                             ; Flappybirds_Top ; --             ; --         ;
+-------------------------------------+----------------------------------------+-----------------+----------------+------------+


+--------------------------------------------------------------------------------------------------------------------------+
; Flow Elapsed Time                                                                                                        ;
+----------------------+--------------+-------------------------+---------------------+------------------------------------+
; Module Name          ; Elapsed Time ; Average Processors Used ; Peak Virtual Memory ; Total CPU Time (on all processors) ;
+----------------------+--------------+-------------------------+---------------------+------------------------------------+
; Analysis & Synthesis ; 00:00:09     ; 1.0                     ; 4896 MB             ; 00:00:17                           ;
; Fitter               ; 00:00:19     ; 1.0                     ; 6760 MB             ; 00:00:42                           ;
; Assembler            ; 00:00:03     ; 1.0                     ; 4813 MB             ; 00:00:03                           ;
; Timing Analyzer      ; 00:00:05     ; 1.2                     ; 5140 MB             ; 00:00:04                           ;
; Total                ; 00:00:36     ; --                      ; --                  ; 00:01:06                           ;
+----------------------+--------------+-------------------------+---------------------+------------------------------------+


+------------------------------------------------------------------------------------+
; Flow OS Summary                                                                    ;
+----------------------+------------------+------------+------------+----------------+
; Module Name          ; Machine Hostname ; OS Name    ; OS Version ; Processor type ;
+----------------------+------------------+------------+------------+----------------+
; Analysis & Synthesis ; EN399236         ; Windows 10 ; 10.0       ; x86_64         ;
; Fitter               ; EN399236         ; Windows 10 ; 10.0       ; x86_64         ;
; Assembler            ; EN399236         ; Windows 10 ; 10.0       ; x86_64         ;
; Timing Analyzer      ; EN399236         ; Windows 10 ; 10.0       ; x86_64         ;
+----------------------+------------------+------------+------------+----------------+


------------
; Flow Log ;
------------
quartus_map --read_settings_files=on --write_settings_files=off Flappybirds -c Flappybirds_Top
quartus_fit --read_settings_files=off --write_settings_files=off Flappybirds -c Flappybirds_Top
quartus_asm --read_settings_files=off --write_settings_files=off Flappybirds -c Flappybirds_Top
quartus_sta Flappybirds -c Flappybirds_Top
quartus_eda --read_settings_files=on --write_settings_files=off Flappybirds -c Flappybirds_Top



